0 info it worked if it ends with ok
1 verbose cli [ '/usr/local/bin/node',
1 verbose cli   '/usr/local/bin/npm',
1 verbose cli   'install',
1 verbose cli   'babel-cli',
1 verbose cli   '-g' ]
2 info using npm@2.15.1
3 info using node@v4.4.3
4 verbose install initial load of /usr/local/lib/package.json
5 verbose readDependencies loading dependencies from /usr/local/lib/package.json
6 silly cache add args [ 'babel-cli', null ]
7 verbose cache add spec babel-cli
8 silly cache add parsed spec Result {
8 silly cache add   raw: 'babel-cli',
8 silly cache add   scope: null,
8 silly cache add   name: 'babel-cli',
8 silly cache add   rawSpec: '',
8 silly cache add   spec: 'latest',
8 silly cache add   type: 'tag' }
9 silly addNamed babel-cli@latest
10 verbose addNamed "latest" is being treated as a dist-tag for babel-cli
11 info addNameTag [ 'babel-cli', 'latest' ]
12 silly mapToRegistry name babel-cli
13 silly mapToRegistry using default registry
14 silly mapToRegistry registry https://registry.npmjs.org/
15 silly mapToRegistry data Result {
15 silly mapToRegistry   raw: 'babel-cli',
15 silly mapToRegistry   scope: null,
15 silly mapToRegistry   name: 'babel-cli',
15 silly mapToRegistry   rawSpec: '',
15 silly mapToRegistry   spec: 'latest',
15 silly mapToRegistry   type: 'tag' }
16 silly mapToRegistry uri https://registry.npmjs.org/babel-cli
17 verbose addNameTag registry:https://registry.npmjs.org/babel-cli not in flight; fetching
18 verbose request uri https://registry.npmjs.org/babel-cli
19 verbose request no auth needed
20 info attempt registry request try #1 at 11:11:24 AM
21 verbose request id b37f2b8957f80705
22 http request GET https://registry.npmjs.org/babel-cli
23 http 200 https://registry.npmjs.org/babel-cli
24 verbose headers { server: 'CouchDB/1.5.0 (Erlang OTP/R16B03)',
24 verbose headers   etag: '"9Z6Z6LVM28HGB69Q6YQXY91JF"',
24 verbose headers   'content-type': 'application/json',
24 verbose headers   'cache-control': 'max-age=300',
24 verbose headers   'content-length': '63928',
24 verbose headers   'accept-ranges': 'bytes',
24 verbose headers   date: 'Fri, 06 May 2016 18:11:25 GMT',
24 verbose headers   via: '1.1 varnish',
24 verbose headers   age: '100',
24 verbose headers   connection: 'keep-alive',
24 verbose headers   'x-served-by': 'cache-iad2125-IAD',
24 verbose headers   'x-cache': 'HIT',
24 verbose headers   'x-cache-hits': '1',
24 verbose headers   'x-timer': 'S1462558285.489458,VS0,VE0',
24 verbose headers   vary: 'Accept-Encoding' }
25 silly get cb [ 200,
25 silly get   { server: 'CouchDB/1.5.0 (Erlang OTP/R16B03)',
25 silly get     etag: '"9Z6Z6LVM28HGB69Q6YQXY91JF"',
25 silly get     'content-type': 'application/json',
25 silly get     'cache-control': 'max-age=300',
25 silly get     'content-length': '63928',
25 silly get     'accept-ranges': 'bytes',
25 silly get     date: 'Fri, 06 May 2016 18:11:25 GMT',
25 silly get     via: '1.1 varnish',
25 silly get     age: '100',
25 silly get     connection: 'keep-alive',
25 silly get     'x-served-by': 'cache-iad2125-IAD',
25 silly get     'x-cache': 'HIT',
25 silly get     'x-cache-hits': '1',
25 silly get     'x-timer': 'S1462558285.489458,VS0,VE0',
25 silly get     vary: 'Accept-Encoding' } ]
26 verbose get saving babel-cli to /Users/macDoon/.npm/registry.npmjs.org/babel-cli/.cache.json
27 verbose correctMkdir /Users/macDoon/.npm correctMkdir not in flight; initializing
28 silly addNameTag next cb for babel-cli with tag latest
29 silly addNamed babel-cli@6.8.0
30 verbose addNamed "6.8.0" is a plain semver version for babel-cli
31 silly mapToRegistry name babel-cli
32 silly mapToRegistry using default registry
33 silly mapToRegistry registry https://registry.npmjs.org/
34 silly mapToRegistry data Result {
34 silly mapToRegistry   raw: 'babel-cli',
34 silly mapToRegistry   scope: null,
34 silly mapToRegistry   name: 'babel-cli',
34 silly mapToRegistry   rawSpec: '',
34 silly mapToRegistry   spec: 'latest',
34 silly mapToRegistry   type: 'tag' }
35 silly mapToRegistry uri https://registry.npmjs.org/babel-cli
36 verbose addRemoteTarball https://registry.npmjs.org/babel-cli/-/babel-cli-6.8.0.tgz not in flight; adding
37 verbose addRemoteTarball [ 'https://registry.npmjs.org/babel-cli/-/babel-cli-6.8.0.tgz',
37 verbose addRemoteTarball   '10f0f1260a24ed9470580b086e585f3b657c07e1' ]
38 info retry fetch attempt 1 at 11:11:25 AM
39 info attempt registry request try #1 at 11:11:25 AM
40 http fetch GET https://registry.npmjs.org/babel-cli/-/babel-cli-6.8.0.tgz
41 http fetch 200 https://registry.npmjs.org/babel-cli/-/babel-cli-6.8.0.tgz
42 silly fetchAndShaCheck shasum 10f0f1260a24ed9470580b086e585f3b657c07e1
43 verbose addTmpTarball /var/folders/0f/v62r3cx936b060xycfp4fmxc0000gn/T/npm-44809-7ea67e81/registry.npmjs.org/babel-cli/-/babel-cli-6.8.0.tgz not in flight; adding
44 verbose addTmpTarball already have metadata; skipping unpack for babel-cli@6.8.0
45 verbose correctMkdir /Users/macDoon/.npm correctMkdir not in flight; initializing
46 silly cache afterAdd babel-cli@6.8.0
47 verbose afterAdd /Users/macDoon/.npm/babel-cli/6.8.0/package/package.json not in flight; writing
48 verbose correctMkdir /Users/macDoon/.npm correctMkdir not in flight; initializing
49 verbose afterAdd /Users/macDoon/.npm/babel-cli/6.8.0/package/package.json written
50 silly install resolved [ { name: 'babel-cli',
50 silly install resolved     version: '6.8.0',
50 silly install resolved     description: 'Babel command line.',
50 silly install resolved     author: { name: 'Sebastian McKenzie', email: 'sebmck@gmail.com' },
50 silly install resolved     homepage: 'https://babeljs.io/',
50 silly install resolved     license: 'MIT',
50 silly install resolved     repository:
50 silly install resolved      { type: 'git',
50 silly install resolved        url: 'https://github.com/babel/babel/tree/master/packages/babel-cli' },
50 silly install resolved     dependencies:
50 silly install resolved      { 'babel-core': '^6.8.0',
50 silly install resolved        'babel-register': '^6.8.0',
50 silly install resolved        'babel-polyfill': '^6.8.0',
50 silly install resolved        'babel-runtime': '^6.0.0',
50 silly install resolved        'bin-version-check': '^2.1.0',
50 silly install resolved        chalk: '1.1.1',
50 silly install resolved        commander: '^2.8.1',
50 silly install resolved        'convert-source-map': '^1.1.0',
50 silly install resolved        'fs-readdir-recursive': '^0.1.0',
50 silly install resolved        glob: '^5.0.5',
50 silly install resolved        lodash: '^3.2.0',
50 silly install resolved        'log-symbols': '^1.0.2',
50 silly install resolved        'output-file-sync': '^1.1.0',
50 silly install resolved        'path-exists': '^1.0.0',
50 silly install resolved        'path-is-absolute': '^1.0.0',
50 silly install resolved        request: '^2.65.0',
50 silly install resolved        slash: '^1.0.0',
50 silly install resolved        'source-map': '^0.5.0',
50 silly install resolved        v8flags: '^2.0.10',
50 silly install resolved        chokidar: '^1.0.0' },
50 silly install resolved     optionalDependencies: { chokidar: '^1.0.0' },
50 silly install resolved     devDependencies: { 'babel-helper-fixtures': '^6.8.0' },
50 silly install resolved     bin:
50 silly install resolved      { 'babel-doctor': './bin/babel-doctor.js',
50 silly install resolved        babel: './bin/babel.js',
50 silly install resolved        'babel-node': './bin/babel-node.js',
50 silly install resolved        'babel-external-helpers': './bin/babel-external-helpers.js' },
50 silly install resolved     _id: 'babel-cli@6.8.0',
50 silly install resolved     scripts: {},
50 silly install resolved     _shasum: '10f0f1260a24ed9470580b086e585f3b657c07e1',
50 silly install resolved     _from: 'babel-cli@latest',
50 silly install resolved     _npmVersion: '3.8.6',
50 silly install resolved     _nodeVersion: '5.1.0',
50 silly install resolved     _npmUser: { name: 'hzoo', email: 'hi@henryzoo.com' },
50 silly install resolved     maintainers: [ [Object], [Object], [Object], [Object], [Object], [Object] ],
50 silly install resolved     dist:
50 silly install resolved      { shasum: '10f0f1260a24ed9470580b086e585f3b657c07e1',
50 silly install resolved        tarball: 'https://registry.npmjs.org/babel-cli/-/babel-cli-6.8.0.tgz' },
50 silly install resolved     _npmOperationalInternal:
50 silly install resolved      { host: 'packages-12-west.internal.npmjs.com',
50 silly install resolved        tmp: 'tmp/babel-cli-6.8.0.tgz_1462232631812_0.7237767914775759' },
50 silly install resolved     directories: {},
50 silly install resolved     _resolved: 'https://registry.npmjs.org/babel-cli/-/babel-cli-6.8.0.tgz' } ]
51 info install babel-cli@6.8.0 into /usr/local/lib
52 info installOne babel-cli@6.8.0
53 verbose installOne of babel-cli to /usr/local/lib not in flight; installing
54 verbose correctMkdir /Users/macDoon/.npm/_locks correctMkdir not in flight; initializing
55 verbose lock using /Users/macDoon/.npm/_locks/babel-cli-7a145e68b6364745.lock for /usr/local/lib/node_modules/babel-cli
56 silly install write writing babel-cli 6.8.0 to /usr/local/lib/node_modules/babel-cli
57 verbose unbuild lib/node_modules/babel-cli
58 silly gentlyRm /usr/local/lib/node_modules/babel-cli is being purged from base /usr/local
59 verbose gentlyRm don't care about contents; nuking /usr/local/lib/node_modules/babel-cli
60 verbose tar unpack /Users/macDoon/.npm/babel-cli/6.8.0/package.tgz
61 verbose tar unpacking to /usr/local/lib/node_modules/babel-cli
62 silly gentlyRm /usr/local/lib/node_modules/babel-cli is being purged
63 verbose gentlyRm don't care about contents; nuking /usr/local/lib/node_modules/babel-cli
64 silly gunzTarPerm modes [ '755', '644' ]
65 error tar.unpack untar error /Users/macDoon/.npm/babel-cli/6.8.0/package.tgz
66 verbose unlock done using /Users/macDoon/.npm/_locks/babel-cli-7a145e68b6364745.lock for /usr/local/lib/node_modules/babel-cli
67 verbose fstream_path /usr/local/lib/node_modules/babel-cli
68 verbose fstream_type Directory
69 verbose fstream_class DirWriter
70 verbose stack Error: EACCES: permission denied, mkdir '/usr/local/lib/node_modules/babel-cli'
70 verbose stack     at Error (native)
71 verbose fstream_stack /usr/local/lib/node_modules/npm/node_modules/fstream/lib/dir-writer.js:35:25
71 verbose fstream_stack /usr/local/lib/node_modules/npm/node_modules/mkdirp/index.js:47:53
71 verbose fstream_stack FSReqWrap.oncomplete (fs.js:82:15)
72 verbose cwd /Users/macDoon/Hack Reactor/2016-04-react-components
73 error Darwin 15.4.0
74 error argv "/usr/local/bin/node" "/usr/local/bin/npm" "install" "babel-cli" "-g"
75 error node v4.4.3
76 error npm  v2.15.1
77 error path /usr/local/lib/node_modules/babel-cli
78 error code EACCES
79 error errno -13
80 error syscall mkdir
81 error Error: EACCES: permission denied, mkdir '/usr/local/lib/node_modules/babel-cli'
81 error     at Error (native)
81 error  { [Error: EACCES: permission denied, mkdir '/usr/local/lib/node_modules/babel-cli']
81 error   errno: -13,
81 error   code: 'EACCES',
81 error   syscall: 'mkdir',
81 error   path: '/usr/local/lib/node_modules/babel-cli',
81 error   fstream_type: 'Directory',
81 error   fstream_path: '/usr/local/lib/node_modules/babel-cli',
81 error   fstream_class: 'DirWriter',
81 error   fstream_stack:
81 error    [ '/usr/local/lib/node_modules/npm/node_modules/fstream/lib/dir-writer.js:35:25',
81 error      '/usr/local/lib/node_modules/npm/node_modules/mkdirp/index.js:47:53',
81 error      'FSReqWrap.oncomplete (fs.js:82:15)' ] }
82 error Please try running this command again as root/Administrator.
83 verbose exit [ -13, true ]
84 verbose unbuild lib/node_modules/babel-cli
85 silly gentlyRm /usr/local/lib/node_modules/babel-cli is being purged from base /usr/local
86 verbose gentlyRm don't care about contents; nuking /usr/local/lib/node_modules/babel-cli
